<?xml version="1.0" encoding="UTF-8"?>
<testsuite xmlns:xsi="http://www.w3.org/2001/XMLSchema-instance" xsi:noNamespaceSchemaLocation="https://maven.apache.org/surefire/maven-surefire-plugin/xsd/surefire-test-report.xsd" name="com.example.demo.DemoApplicationTests" time="13.854" tests="2" errors="0" skipped="0" failures="1">
  <properties>
[...]
</properties>
  <testcase name="testHealthEndpoint" classname="com.example.demo.DemoApplicationTests" time="0.488"/>
  <testcase name="testLivenessEndpoint" classname="com.example.demo.DemoApplicationTests" time="0.06">
    <failure message="&#10;Expecting:&#10; &lt;404 NOT_FOUND&gt;&#10;to be equal to:&#10; &lt;200 OK&gt;&#10;but was not." type="org.opentest4j.AssertionFailedError"><![CDATA[org.opentest4j.AssertionFailedError: 

Expecting:
 <404 NOT_FOUND>
to be equal to:
 <200 OK>
but was not.
	at com.example.demo.DemoApplicationTests.testLivenessEndpoint(DemoApplicationTests.java:59)
]]></failure>
  </testcase>
</testsuite>